<?xml version="1.0" encoding="UTF-8"?>
<!-- Generated by org.testng.reporters.JUnitXMLReporter -->
<testsuite ignored="0" hostname="DESKTOP-G6VU19K" failures="0" tests="2" name="Web" time="157.754" errors="0" timestamp="2021-03-10T21:43:49 IST">
  <testcase classname="WebTestCases.TC_037_InclineFloodQuote" name="TC_038_inclineFloodQuote" time="83.684"/>
  <testcase classname="WebTestCases.TC_024_SearchPolicyFromSearchBox" name="TC_024_searchPolicyFromSearchBox" time="71.494"/>
</testsuite> <!-- Web -->
